<?xml version="1.0" encoding="UTF-8"?>
<!-- Generated by org.testng.reporters.JUnitReportReporter -->
<testsuite skipped="0" hostname="vishal" name="testNgPackage.testNgBasic" tests="2" failures="0" timestamp="2020-06-24T12:02:46 IST" time="0.008" errors="0">
  <testcase name="testMethod1" time="0.001" classname="testNgPackage.testNgBasic"/>
  <system-out/>
  <testcase name="testMethod2" time="0.007" classname="testNgPackage.testNgBasic"/>
  <system-out/>
</testsuite> <!-- testNgPackage.testNgBasic -->
