<?xml version="1.0" encoding="UTF-8"?>
<!-- Generated by org.testng.reporters.JUnitReportReporter -->
<testsuite skipped="0" hostname="vishal" name="testNgPackage.testNgBasic3" tests="2" failures="0" timestamp="2020-06-24T12:02:46 IST" time="0.012" errors="0">
  <testcase name="testMethod5" time="0.011" classname="testNgPackage.testNgBasic3"/>
  <system-out/>
  <testcase name="testMethod7" time="0.001" classname="testNgPackage.testNgBasic3"/>
  <system-out/>
</testsuite> <!-- testNgPackage.testNgBasic3 -->
