<?xml version="1.0" encoding="UTF-8"?>
<!-- Generated by org.testng.reporters.JUnitReportReporter -->
<testsuite skipped="1" hostname="vishal" name="testNgPackage.testNgBasic2" tests="2" failures="0" timestamp="2020-06-24T12:02:46 IST" time="0.005" errors="0">
  <testcase name="testMethod3" time="0.005" classname="testNgPackage.testNgBasic2"/>
  <system-out/>
  <testcase name="testMethod4" classname="testNgPackage.testNgBasic2">
    <skipped/>
  </testcase> <!-- testMethod4 -->
  <system-out/>
</testsuite> <!-- testNgPackage.testNgBasic2 -->
