<?xml version="1.0" encoding="UTF-8"?>
<!-- Generated by org.testng.reporters.JUnitReportReporter -->
<testsuite skipped="0" hostname="vishal" name="testNgBasic" tests="2" failures="0" timestamp="2020-06-23T11:24:35 IST" time="0.012" errors="0">
  <testcase name="testMethod1" time="0.010" classname="testNgBasic"/>
  <system-out/>
  <testcase name="testMethod2" time="0.002" classname="testNgBasic"/>
  <system-out/>
</testsuite> <!-- testNgBasic -->
