<?xml version="1.0" encoding="UTF-8"?>
<!-- Generated by org.testng.reporters.JUnitReportReporter -->
<testsuite skipped="0" hostname="vishal" name="testNgPackage.testNgBasic4" tests="1" failures="0" timestamp="2020-06-24T12:02:46 IST" time="0.006" errors="0">
  <testcase name="testMethod9" time="0.006" classname="testNgPackage.testNgBasic4"/>
  <system-out/>
</testsuite> <!-- testNgPackage.testNgBasic4 -->
